# JRE version: Java(TM) SE Runtime Environment (8.0_181-b13) (build 1.8.0_181-b13)
# Java VM: Java HotSpot(TM) 64-Bit Server VM (25.181-b13 mixed mode windows-amd64 compressed oops)
Heap:
 PSYoungGen      total 58880K, used 23978K [0x00000000d5d80000, 0x00000000dc200000, 0x0000000100000000)
  eden space 48128K, 43% used [0x00000000d5d80000,0x00000000d71ddb28,0x00000000d8c80000)
  from space 10752K, 29% used [0x00000000d8c80000,0x00000000d8f8d060,0x00000000d9700000)
  to   space 11264K, 0% used [0x00000000db700000,0x00000000db700000,0x00000000dc200000)
 ParOldGen       total 60928K, used 6733K [0x0000000081800000, 0x0000000085380000, 0x00000000d5d80000)
  object space 60928K, 11% used [0x0000000081800000,0x0000000081e935d8,0x0000000085380000)
 Metaspace       used 22799K, capacity 23860K, committed 24192K, reserved 1071104K
  class space    used 2892K, capacity 3125K, committed 3200K, reserved 1048576K
GC Heap History (10 events):
Event: 9.034 GC heap before
{Heap before GC invocations=4 (full 0):
 PSYoungGen      total 38400K, used 34027K [0x00000000d5d80000, 0x00000000d8800000, 0x0000000100000000)
  eden space 33280K, 86% used [0x00000000d5d80000,0x00000000d79bb5e8,0x00000000d7e00000)
  from space 5120K, 99% used [0x00000000d7e00000,0x00000000d82ff8c0,0x00000000d8300000)
  to   space 5120K, 0% used [0x00000000d8300000,0x00000000d8300000,0x00000000d8800000)
 ParOldGen       total 87552K, used 8273K [0x0000000081800000, 0x0000000086d80000, 0x00000000d5d80000)
  object space 87552K, 9% used [0x0000000081800000,0x0000000082014428,0x0000000086d80000)
 Metaspace       used 20308K, capacity 21204K, committed 21248K, reserved 1067008K
  class space    used 2585K, capacity 2793K, committed 2816K, reserved 1048576K
Event: 9.045 GC heap after
Heap after GC invocations=4 (full 0):
 PSYoungGen      total 38400K, used 5115K [0x00000000d5d80000, 0x00000000d8800000, 0x0000000100000000)
  eden space 33280K, 0% used [0x00000000d5d80000,0x00000000d5d80000,0x00000000d7e00000)
  from space 5120K, 99% used [0x00000000d8300000,0x00000000d87fee18,0x00000000d8800000)
  to   space 5120K, 0% used [0x00000000d7e00000,0x00000000d7e00000,0x00000000d8300000)
 ParOldGen       total 87552K, used 11346K [0x0000000081800000, 0x0000000086d80000, 0x00000000d5d80000)
  object space 87552K, 12% used [0x0000000081800000,0x0000000082314980,0x0000000086d80000)
 Metaspace       used 20308K, capacity 21204K, committed 21248K, reserved 1067008K
  class space    used 2585K, capacity 2793K, committed 2816K, reserved 1048576K
}
Event: 9.045 GC heap before
{Heap before GC invocations=5 (full 1):
 PSYoungGen      total 38400K, used 5115K [0x00000000d5d80000, 0x00000000d8800000, 0x0000000100000000)
  eden space 33280K, 0% used [0x00000000d5d80000,0x00000000d5d80000,0x00000000d7e00000)
  from space 5120K, 99% used [0x00000000d8300000,0x00000000d87fee18,0x00000000d8800000)
  to   space 5120K, 0% used [0x00000000d7e00000,0x00000000d7e00000,0x00000000d8300000)
 ParOldGen       total 87552K, used 11346K [0x0000000081800000, 0x0000000086d80000, 0x00000000d5d80000)
  object space 87552K, 12% used [0x0000000081800000,0x0000000082314980,0x0000000086d80000)
 Metaspace       used 20308K, capacity 21204K, committed 21248K, reserved 1067008K
  class space    used 2585K, capacity 2793K, committed 2816K, reserved 1048576K
Event: 9.107 GC heap after
Heap after GC invocations=5 (full 1):
 PSYoungGen      total 38400K, used 0K [0x00000000d5d80000, 0x00000000d8800000, 0x0000000100000000)
  eden space 33280K, 0% used [0x00000000d5d80000,0x00000000d5d80000,0x00000000d7e00000)
  from space 5120K, 0% used [0x00000000d8300000,0x00000000d8300000,0x00000000d8800000)
  to   space 5120K, 0% used [0x00000000d7e00000,0x00000000d7e00000,0x00000000d8300000)
 ParOldGen       total 60928K, used 6709K [0x0000000081800000, 0x0000000085380000, 0x00000000d5d80000)
  object space 60928K, 11% used [0x0000000081800000,0x0000000081e8d5d8,0x0000000085380000)
 Metaspace       used 20307K, capacity 21198K, committed 21248K, reserved 1067008K
  class space    used 2584K, capacity 2792K, committed 2816K, reserved 1048576K
}
Event: 11.732 GC heap before
{Heap before GC invocations=6 (full 1):
 PSYoungGen      total 38400K, used 33280K [0x00000000d5d80000, 0x00000000d8800000, 0x0000000100000000)
  eden space 33280K, 100% used [0x00000000d5d80000,0x00000000d7e00000,0x00000000d7e00000)
  from space 5120K, 0% used [0x00000000d8300000,0x00000000d8300000,0x00000000d8800000)
  to   space 5120K, 0% used [0x00000000d7e00000,0x00000000d7e00000,0x00000000d8300000)
 ParOldGen       total 60928K, used 6709K [0x0000000081800000, 0x0000000085380000, 0x00000000d5d80000)
  object space 60928K, 11% used [0x0000000081800000,0x0000000081e8d5d8,0x0000000085380000)
 Metaspace       used 22094K, capacity 23018K, committed 23296K, reserved 1069056K
  class space    used 2826K, capacity 3044K, committed 3072K, reserved 1048576K
Event: 11.735 GC heap after
Heap after GC invocations=6 (full 1):
 PSYoungGen      total 38400K, used 3571K [0x00000000d5d80000, 0x00000000da100000, 0x0000000100000000)
  eden space 33280K, 0% used [0x00000000d5d80000,0x00000000d5d80000,0x00000000d7e00000)
  from space 5120K, 69% used [0x00000000d7e00000,0x00000000d817cdc8,0x00000000d8300000)
  to   space 10240K, 0% used [0x00000000d9700000,0x00000000d9700000,0x00000000da100000)
 ParOldGen       total 60928K, used 6717K [0x0000000081800000, 0x0000000085380000, 0x00000000d5d80000)
  object space 60928K, 11% used [0x0000000081800000,0x0000000081e8f5d8,0x0000000085380000)
 Metaspace       used 22094K, capacity 23018K, committed 23296K, reserved 1069056K
  class space    used 2826K, capacity 3044K, committed 3072K, reserved 1048576K
}
Event: 11.923 GC heap before
{Heap before GC invocations=7 (full 1):
 PSYoungGen      total 38400K, used 36851K [0x00000000d5d80000, 0x00000000da100000, 0x0000000100000000)
  eden space 33280K, 100% used [0x00000000d5d80000,0x00000000d7e00000,0x00000000d7e00000)
  from space 5120K, 69% used [0x00000000d7e00000,0x00000000d817cdc8,0x00000000d8300000)
  to   space 10240K, 0% used [0x00000000d9700000,0x00000000d9700000,0x00000000da100000)
 ParOldGen       total 60928K, used 6717K [0x0000000081800000, 0x0000000085380000, 0x00000000d5d80000)
  object space 60928K, 11% used [0x0000000081800000,0x0000000081e8f5d8,0x0000000085380000)
 Metaspace       used 22412K, capacity 23450K, committed 23680K, reserved 1069056K
  class space    used 2860K, capacity 3086K, committed 3200K, reserved 1048576K
Event: 11.927 GC heap after
Heap after GC invocations=7 (full 1):
 PSYoungGen      total 58368K, used 2800K [0x00000000d5d80000, 0x00000000da600000, 0x0000000100000000)
  eden space 48128K, 0% used [0x00000000d5d80000,0x00000000d5d80000,0x00000000d8c80000)
  from space 10240K, 27% used [0x00000000d9700000,0x00000000d99bc240,0x00000000da100000)
  to   space 10752K, 0% used [0x00000000d8c80000,0x00000000d8c80000,0x00000000d9700000)
 ParOldGen       total 60928K, used 6725K [0x0000000081800000, 0x0000000085380000, 0x00000000d5d80000)
  object space 60928K, 11% used [0x0000000081800000,0x0000000081e915d8,0x0000000085380000)
 Metaspace       used 22412K, capacity 23450K, committed 23680K, reserved 1069056K
  class space    used 2860K, capacity 3086K, committed 3200K, reserved 1048576K
}
Event: 12.135 GC heap before
{Heap before GC invocations=8 (full 1):
 PSYoungGen      total 58368K, used 50928K [0x00000000d5d80000, 0x00000000da600000, 0x0000000100000000)
  eden space 48128K, 100% used [0x00000000d5d80000,0x00000000d8c80000,0x00000000d8c80000)
  from space 10240K, 27% used [0x00000000d9700000,0x00000000d99bc240,0x00000000da100000)
  to   space 10752K, 0% used [0x00000000d8c80000,0x00000000d8c80000,0x00000000d9700000)
 ParOldGen       total 60928K, used 6725K [0x0000000081800000, 0x0000000085380000, 0x00000000d5d80000)
  object space 60928K, 11% used [0x0000000081800000,0x0000000081e915d8,0x0000000085380000)
 Metaspace       used 22622K, capacity 23710K, committed 23936K, reserved 1071104K
  class space    used 2875K, capacity 3122K, committed 3200K, reserved 1048576K
Event: 12.141 GC heap after
Heap after GC invocations=8 (full 1):
 PSYoungGen      total 58880K, used 3124K [0x00000000d5d80000, 0x00000000dc200000, 0x0000000100000000)
  eden space 48128K, 0% used [0x00000000d5d80000,0x00000000d5d80000,0x00000000d8c80000)
  from space 10752K, 29% used [0x00000000d8c80000,0x00000000d8f8d060,0x00000000d9700000)
  to   space 11264K, 0% used [0x00000000db700000,0x00000000db700000,0x00000000dc200000)
 ParOldGen       total 60928K, used 6733K [0x0000000081800000, 0x0000000085380000, 0x00000000d5d80000)
  object space 60928K, 11% used [0x0000000081800000,0x0000000081e935d8,0x0000000085380000)
 Metaspace       used 22622K, capacity 23710K, committed 23936K, reserved 1071104K
  class space    used 2875K, capacity 3122K, committed 3200K, reserved 1048576K
}

